<?xml version="1.0" encoding="UTF-8"?>
<testng-results skipped="0" failed="0" ignored="0" total="1" passed="1">
  <reporter-output>
  </reporter-output>
  <suite name="Default suite" duration-ms="5018" started-at="2023-08-20T18:13:35 IST" finished-at="2023-08-20T18:13:40 IST">
    <groups>
    </groups>
    <test name="Default test" duration-ms="5018" started-at="2023-08-20T18:13:35 IST" finished-at="2023-08-20T18:13:40 IST">
      <class name="Weather.Get_Weather.GetWeather">
        <test-method status="PASS" signature="GettingWeather()[pri:0, instance:Weather.Get_Weather.GetWeather@57e1b0c]" name="GettingWeather" duration-ms="4959" started-at="2023-08-20T18:13:35 IST" finished-at="2023-08-20T18:13:40 IST">
          <reporter-output>
          </reporter-output>
        </test-method> <!-- GettingWeather -->
      </class> <!-- Weather.Get_Weather.GetWeather -->
    </test> <!-- Default test -->
  </suite> <!-- Default suite -->
</testng-results>
